=== Initiating the Pipeline: Tue Jun 23 06:17:40 UTC 2026 ===
Executing ingestion layer...
Initialising extraction sequence starting in...
3
2
1
Checkpoint reached...Raw JSON payload written to raw_weather_data.json successfully - Bronze Layer ready
Executing Transformation Layer...
/home/scooby/de-prep-ledger/venv/bin/python3: can't open file '/home/scooby/de-prep-ledger/trandform.py': [Errno 2] No such file or directory
=== Initiating the Pipeline: Tue Jun 23 06:20:22 UTC 2026 ===
Executing ingestion layer...
Initialising extraction sequence starting in...
3
2
1
Checkpoint reached...Raw JSON payload written to raw_weather_data.json successfully - Bronze Layer ready
Executing Transformation Layer...
Transfor sequence starting in....
3
2
1
Extracted Geographic Context: Loaction ID [28.435852_77.01136]
Data flattening successful
_______________________________________
               time  temperature_2m  ...  longitude       timezone
0  2026-04-24T00:00            28.2  ...   77.01136  Asia/Calcutta
1  2026-04-24T01:00            27.6  ...   77.01136  Asia/Calcutta
2  2026-04-24T02:00            26.0  ...   77.01136  Asia/Calcutta
3  2026-04-24T03:00            25.1  ...   77.01136  Asia/Calcutta
4  2026-04-24T04:00            25.0  ...   77.01136  Asia/Calcutta

[5 rows x 12 columns]
Checkpoint reached...Silver layer created
Executing database Load...
Loading transformed data into  Postgres in...
3
2
1
CRITICAL ERROR: "['precipitation_probability'] not in index"
=== Pipeline completed successfully: () ===
-=-=-=-=-=-=-=-=-=-=-=-==-=-=-=-=-=-=-=-=-=-=-=-=-=-=-
=== Initiating the Pipeline: Tue Jun 23 06:31:34 UTC 2026 ===
Executing ingestion layer...
Initialising extraction sequence starting in...
3
2
1
Checkpoint reached...Raw JSON payload written to raw_weather_data.json successfully - Bronze Layer ready
Executing Transformation Layer...
Transfor sequence starting in....
3
2
1
Extracted Geographic Context: Loaction ID [28.435852_77.01136]
Data flattening successful
_______________________________________
               time  temperature_2m  ...  longitude       timezone
0  2026-04-24T00:00            28.2  ...   77.01136  Asia/Calcutta
1  2026-04-24T01:00            27.6  ...   77.01136  Asia/Calcutta
2  2026-04-24T02:00            26.0  ...   77.01136  Asia/Calcutta
3  2026-04-24T03:00            25.1  ...   77.01136  Asia/Calcutta
4  2026-04-24T04:00            25.0  ...   77.01136  Asia/Calcutta

[5 rows x 12 columns]
Checkpoint reached...Silver layer created
Executing database Load...
Loading transformed data into  Postgres in...
3
2
1
CRITICAL ERROR: "['precipitation_probability'] not in index"
=== Pipeline completed successfully: () ===
-=-=-=-=-=-=-=-=-=-=-=-==-=-=-=-=-=-=-=-=-=-=-=-=-=-=-
=== Initiating the Pipeline: Tue Jun 23 06:34:40 UTC 2026 ===
Executing ingestion layer...
Initialising extraction sequence starting in...
3
2
1
Checkpoint reached...Raw JSON payload written to raw_weather_data.json successfully - Bronze Layer ready
Executing Transformation Layer...
Transfor sequence starting in....
3
2
1
Extracted Geographic Context: Loaction ID [28.435852_77.01136]
Data flattening successful
_______________________________________
               time  temperature_2m  ...  longitude       timezone
0  2026-04-24T00:00            28.2  ...   77.01136  Asia/Calcutta
1  2026-04-24T01:00            27.6  ...   77.01136  Asia/Calcutta
2  2026-04-24T02:00            26.0  ...   77.01136  Asia/Calcutta
3  2026-04-24T03:00            25.1  ...   77.01136  Asia/Calcutta
4  2026-04-24T04:00            25.0  ...   77.01136  Asia/Calcutta

[5 rows x 12 columns]
Checkpoint reached...Silver layer created
Executing database Load...
Loading transformed data into  Postgres in...
3
2
1
CRITICAL ERROR: "['precipitation_probability'] not in index"
Traceback (most recent call last):
  File "/home/scooby/de-prep-ledger/load.py", line 96, in <module>
    load_to_gold()
    ~~~~~~~~~~~~^^
  File "/home/scooby/de-prep-ledger/load.py", line 23, in load_to_gold
    fact_df = df.rename(columns={
              ~~~~~~~~~~~~~~~~~~~
    ...<5 lines>...
    			'visibility':'visibility_in_m'
       ~~~~~~~~~~~~~~~~~~~~~~~~~~~~~~
    			})[['location_id','forecast_time','temperature_celsius','humidity_percentage','cloud_cover_percentage','precipitation_probability','weather_code','visibility_in_m','is_day']]
       ~~^^^^^^^^^^^^^^^^^^^^^^^^^^^^^^^^^^^^^^^^^^^^^^^^^^^^^^^^^^^^^^^^^^^^^^^^^^^^^^^^^^^^^^^^^^^^^^^^^^^^^^^^^^^^^^^^^^^^^^^^^^^^^^^^^^^^^^^^^^^^^^^^^^^^^^^^^^^^^^^^^^^^^^^^^^^^
  File "/home/scooby/de-prep-ledger/venv/lib/python3.14/site-packages/pandas/core/frame.py", line 4384, in __getitem__
    indexer = self.columns._get_indexer_strict(key, "columns")[1]
              ~~~~~~~~~~~~~~~~~~~~~~~~~~~~~~~~^^^^^^^^^^^^^^^^
  File "/home/scooby/de-prep-ledger/venv/lib/python3.14/site-packages/pandas/core/indexes/base.py", line 6302, in _get_indexer_strict
    self._raise_if_missing(keyarr, indexer, axis_name)
    ~~~~~~~~~~~~~~~~~~~~~~^^^^^^^^^^^^^^^^^^^^^^^^^^^^
  File "/home/scooby/de-prep-ledger/venv/lib/python3.14/site-packages/pandas/core/indexes/base.py", line 6355, in _raise_if_missing
    raise KeyError(f"{not_found} not in index")
KeyError: "['precipitation_probability'] not in index"
